  Cubemap.cpp
  Application.cpp
c:\users\silvan josten\desktop\repo\gameengine\gameengine\src\application.cpp(60): warning C4244: "=": Konvertierung von "double" in "float", möglicher Datenverlust
  Camera.cpp
c:\users\silvan josten\desktop\repo\gameengine\gameengine\src\camera.cpp(78): warning C4244: "=": Konvertierung von "double" in "float", möglicher Datenverlust
c:\users\silvan josten\desktop\repo\gameengine\gameengine\src\camera.cpp(79): warning C4244: "=": Konvertierung von "double" in "float", möglicher Datenverlust
c:\users\silvan josten\desktop\repo\gameengine\gameengine\src\camera.cpp(83): warning C4244: "Initialisierung": Konvertierung von "double" in "float", möglicher Datenverlust
c:\users\silvan josten\desktop\repo\gameengine\gameengine\src\camera.cpp(84): warning C4244: "Initialisierung": Konvertierung von "double" in "float", möglicher Datenverlust
c:\users\silvan josten\desktop\repo\gameengine\gameengine\src\camera.cpp(85): warning C4244: "=": Konvertierung von "double" in "float", möglicher Datenverlust
c:\users\silvan josten\desktop\repo\gameengine\gameengine\src\camera.cpp(86): warning C4244: "=": Konvertierung von "double" in "float", möglicher Datenverlust
  EBO.cpp
  Entity.cpp
  Framebuffer.cpp
  main.cpp
  Mesh.cpp
  Model.cpp
  Renderer.cpp
c:\users\silvan josten\desktop\repo\gameengine\gameengine\src\renderer.cpp(19): warning C4018: "<": Konflikt zwischen "signed" und "unsigned"
  Shader.cpp
c:\users\silvan josten\desktop\repo\gameengine\gameengine\src\shader.cpp(166): warning C4305: "Argument": Verkürzung von "double" in "float"
c:\users\silvan josten\desktop\repo\gameengine\gameengine\src\shader.cpp(167): warning C4305: "Argument": Verkürzung von "double" in "float"
  stb_image.cpp
  Texture.cpp
  Tile3D.cpp
  VAO.cpp
  VBO.cpp
  Window.cpp
EBO.obj : error LNK2001: Nicht aufgelöstes externes Symbol "__imp____glewBindBuffer".
EBO.obj : error LNK2001: Nicht aufgelöstes externes Symbol "__imp____glewBufferData".
EBO.obj : error LNK2001: Nicht aufgelöstes externes Symbol "__imp____glewGenBuffers".
EBO.obj : error LNK2001: Nicht aufgelöstes externes Symbol "__imp____glewDeleteBuffers".
Framebuffer.obj : error LNK2001: Nicht aufgelöstes externes Symbol "__imp____glewFramebufferTexture2D".
Framebuffer.obj : error LNK2001: Nicht aufgelöstes externes Symbol "__imp____glewRenderbufferStorage".
Framebuffer.obj : error LNK2001: Nicht aufgelöstes externes Symbol "__imp____glewCheckFramebufferStatus".
Framebuffer.obj : error LNK2001: Nicht aufgelöstes externes Symbol "__imp____glewDeleteFramebuffers".
Framebuffer.obj : error LNK2001: Nicht aufgelöstes externes Symbol "__imp____glewFramebufferRenderbuffer".
Framebuffer.obj : error LNK2001: Nicht aufgelöstes externes Symbol "__imp____glewGenFramebuffers".
Framebuffer.obj : error LNK2001: Nicht aufgelöstes externes Symbol "__imp____glewBindRenderbuffer".
Framebuffer.obj : error LNK2001: Nicht aufgelöstes externes Symbol "__imp____glewBindFramebuffer".
Framebuffer.obj : error LNK2001: Nicht aufgelöstes externes Symbol "__imp____glewGenRenderbuffers".
Shader.obj : error LNK2001: Nicht aufgelöstes externes Symbol "__imp____glewUseProgram".
Shader.obj : error LNK2001: Nicht aufgelöstes externes Symbol "__imp____glewGetShaderiv".
Shader.obj : error LNK2001: Nicht aufgelöstes externes Symbol "__imp____glewCompileShader".
Shader.obj : error LNK2001: Nicht aufgelöstes externes Symbol "__imp____glewCreateShader".
Shader.obj : error LNK2001: Nicht aufgelöstes externes Symbol "__imp____glewCreateProgram".
Shader.obj : error LNK2001: Nicht aufgelöstes externes Symbol "__imp____glewUniform1i".
Shader.obj : error LNK2001: Nicht aufgelöstes externes Symbol "__imp____glewGetShaderInfoLog".
Shader.obj : error LNK2001: Nicht aufgelöstes externes Symbol "__imp____glewValidateProgram".
Shader.obj : error LNK2001: Nicht aufgelöstes externes Symbol "__imp____glewUniform1f".
Shader.obj : error LNK2001: Nicht aufgelöstes externes Symbol "__imp____glewGetUniformLocation".
Shader.obj : error LNK2001: Nicht aufgelöstes externes Symbol "__imp____glewAttachShader".
Shader.obj : error LNK2001: Nicht aufgelöstes externes Symbol "__imp____glewDeleteProgram".
Shader.obj : error LNK2001: Nicht aufgelöstes externes Symbol "__imp____glewShaderSource".
Shader.obj : error LNK2001: Nicht aufgelöstes externes Symbol "__imp____glewUniformMatrix4fv".
Shader.obj : error LNK2001: Nicht aufgelöstes externes Symbol "__imp____glewUniform3f".
Shader.obj : error LNK2001: Nicht aufgelöstes externes Symbol "__imp____glewDeleteShader".
Shader.obj : error LNK2001: Nicht aufgelöstes externes Symbol "__imp____glewLinkProgram".
Shader.obj : error LNK2001: Nicht aufgelöstes externes Symbol "__imp____glewUniform4f".
Texture.obj : error LNK2001: Nicht aufgelöstes externes Symbol "__imp____glewActiveTexture".
VAO.obj : error LNK2001: Nicht aufgelöstes externes Symbol "__imp____glewEnableVertexAttribArray".
VAO.obj : error LNK2001: Nicht aufgelöstes externes Symbol "__imp____glewBindVertexArray".
VAO.obj : error LNK2001: Nicht aufgelöstes externes Symbol "__imp____glewVertexAttribPointer".
VAO.obj : error LNK2001: Nicht aufgelöstes externes Symbol "__imp____glewDeleteVertexArrays".
VAO.obj : error LNK2001: Nicht aufgelöstes externes Symbol "__imp____glewGenVertexArrays".
Window.obj : error LNK2001: Nicht aufgelöstes externes Symbol "__imp__glewInit@0".
C:\Users\Silvan Josten\Desktop\REPO\GameEngine\Release\GameEngine.exe : fatal error LNK1120: 38 nicht aufgelöste Externe
